{"numTotalTestSuites":2,"numPassedTestSuites":0,"numFailedTestSuites":2,"numPendingTestSuites":0,"numTotalTests":3,"numPassedTests":0,"numFailedTests":1,"numPendingTests":2,"numTodoTests":0,"snapshot":{"added":0,"failure":false,"filesAdded":0,"filesRemoved":0,"filesRemovedList":[],"filesUnmatched":0,"filesUpdated":0,"matched":0,"total":0,"unchecked":0,"uncheckedKeysByFile":[],"unmatched":0,"updated":0,"didUpdate":false},"startTime":1758114523467,"success":false,"testResults":[{"assertionResults":[{"ancestorTitles":["Agents"],"fullName":"Agents researchAgent should validate tone consistency","status":"failed","title":"researchAgent should validate tone consistency","duration":24.04304299999967,"failureMessages":["Error: V2 models are not supported for the current version of generate. Please use generateVNext instead.\n    at Agent.generateLegacy (file:///home/sam/00-mastra/deep-research/node_modules/@mastra/core/src/processors/runner.ts:20:34)\n    at processTicksAndRejections (node:internal/process/task_queues:95:5)\n    at evaluate (file:///home/sam/00-mastra/deep-research/node_modules/@mastra/evals/src/evaluation.ts:11:23)\n    at /home/sam/00-mastra/deep-research/src/mastra/agents/index.test.ts:9:20\n    at file:///home/sam/00-mastra/deep-research/node_modules/@vitest/runner/dist/chunk-hooks.js:752:20"],"meta":{}},{"ancestorTitles":["Agents"],"fullName":"Agents assistant should validate tone consistency","status":"skipped","title":"assistant should validate tone consistency","failureMessages":[],"meta":{}},{"ancestorTitles":["Agents"],"fullName":"Agents learningExtractionAgent should validate tone consistency","status":"skipped","title":"learningExtractionAgent should validate tone consistency","failureMessages":[],"meta":{}}],"startTime":1758114525794,"endTime":1758114525818.043,"status":"failed","message":"","name":"/home/sam/00-mastra/deep-research/src/mastra/agents/index.test.ts"}]}